Arguments: 
  /usr/local/Cellar/node/14.2.0/bin/node /usr/local/Cellar/yarn/1.22.4/libexec/bin/yarn.js add ScrollMagic

PATH: 
  /Users/woodrose/.cargo/bin:/usr/local/bin:/usr/bin:/bin:/usr/sbin:/sbin:/Applications/Postgres.app/Contents/Versions/latest/bin

Yarn version: 
  1.22.4

Node version: 
  14.2.0

Platform: 
  darwin x64

Trace: 
  Error: https://registry.yarnpkg.com/ScrollMagic: Not found
      at Request.params.callback [as _callback] (/usr/local/Cellar/yarn/1.22.4/libexec/lib/cli.js:66987:18)
      at Request.self.callback (/usr/local/Cellar/yarn/1.22.4/libexec/lib/cli.js:140748:22)
      at Request.emit (events.js:315:20)
      at Request.<anonymous> (/usr/local/Cellar/yarn/1.22.4/libexec/lib/cli.js:141720:10)
      at Request.emit (events.js:315:20)
      at IncomingMessage.<anonymous> (/usr/local/Cellar/yarn/1.22.4/libexec/lib/cli.js:141642:12)
      at Object.onceWrapper (events.js:421:28)
      at IncomingMessage.emit (events.js:327:22)
      at endReadableNT (_stream_readable.js:1225:12)
      at processTicksAndRejections (internal/process/task_queues.js:84:21)

npm manifest: 
  {
  	"name": "Kusama",
  	"version": "2.0.0",
  	"description": "A canary network for Polkadot experiments.",
  	"scripts": {},
  	"author": "",
  	"license": "UNLICENSED",
  	"repository": {},
  	"dependencies": {
  		"@popperjs/core": "^2.4.0",
  		"gsap": "^3.2.6",
  		"jquery": "^3.5.1",
  		"typed.js": "^2.0.11"
  	}
  }

yarn manifest: 
  No manifest

Lockfile: 
  # THIS IS AN AUTOGENERATED FILE. DO NOT EDIT THIS FILE DIRECTLY.
  # yarn lockfile v1
  
  
  "@popperjs/core@^2.4.0":
    version "2.4.0"
    resolved "https://registry.yarnpkg.com/@popperjs/core/-/core-2.4.0.tgz#0e1bdf8d021e7ea58affade33d9d607e11365915"
    integrity sha512-NMrDy6EWh9TPdSRiHmHH2ye1v5U0gBD7pRYwSwJvomx7Bm4GG04vu63dYiVzebLOx2obPpJugew06xVP0Nk7hA==
  
  gsap@^3.2.6:
    version "3.2.6"
    resolved "https://registry.yarnpkg.com/gsap/-/gsap-3.2.6.tgz#fbaddab30c8c2fb029d61ef56f667b42f99c932f"
    integrity sha512-QX7WQWZUAooS9tOCYg4kKLcnjBreA4Xyu11EVx6zp4BbKijnMK+NtzkB47las/E0luFE84hGscOZm5vd13KzZA==
  
  jquery@^3.5.1:
    version "3.5.1"
    resolved "https://registry.yarnpkg.com/jquery/-/jquery-3.5.1.tgz#d7b4d08e1bfdb86ad2f1a3d039ea17304717abb5"
    integrity sha512-XwIBPqcMn57FxfT+Go5pzySnm4KWkT1Tv7gjrpT1srtf8Weynl6R273VJ5GjkRb51IzMp5nbaPjJXMWeju2MKg==
  
  typed.js@^2.0.11:
    version "2.0.11"
    resolved "https://registry.yarnpkg.com/typed.js/-/typed.js-2.0.11.tgz#d298a91f959f11a3803bf48b841a6fadd29640d9"
    integrity sha512-1ZORHalEyLob34q738mqmwp0pT6syMigB1SZuTItqdhovWBKFIt7I5uVALXAGQZCg2MCtihCt6uqkoqPJK+9iQ==
